{"/home/lucas/git/tdp2-tp0-backend/tests/weather.test.js":{"path":"/home/lucas/git/tdp2-tp0-backend/tests/weather.test.js","s":{"1":1,"2":1,"3":1,"4":1,"5":0,"6":0,"7":0,"8":0,"9":0,"10":0,"11":0,"12":0,"13":0,"14":0,"15":0,"16":0,"17":0,"18":0,"19":0,"20":0,"21":0,"22":0,"23":0,"24":0,"25":0},"b":{},"f":{"1":0},"fnMap":{"1":{"name":"(anonymous_1)","line":6,"loc":{"start":{"line":6,"column":38},"end":{"line":6,"column":50}}}},"statementMap":{"1":{"start":{"line":2,"column":0},"end":{"line":2,"column":38}},"2":{"start":{"line":3,"column":0},"end":{"line":3,"column":60}},"3":{"start":{"line":4,"column":0},"end":{"line":4,"column":49}},"4":{"start":{"line":6,"column":0},"end":{"line":38,"column":3}},"5":{"start":{"line":7,"column":2},"end":{"line":7,"column":22}},"6":{"start":{"line":8,"column":2},"end":{"line":8,"column":21}},"7":{"start":{"line":9,"column":2},"end":{"line":9,"column":22}},"8":{"start":{"line":11,"column":2},"end":{"line":24,"column":5}},"9":{"start":{"line":12,"column":4},"end":{"line":13,"column":42}},"10":{"start":{"line":12,"column":21},"end":{"line":13,"column":40}},"11":{"start":{"line":13,"column":18},"end":{"line":13,"column":39}},"12":{"start":{"line":15,"column":4},"end":{"line":23,"column":6}},"13":{"start":{"line":15,"column":74},"end":{"line":22,"column":8}},"14":{"start":{"line":17,"column":8},"end":{"line":17,"column":33}},"15":{"start":{"line":19,"column":8},"end":{"line":19,"column":44}},"16":{"start":{"line":20,"column":8},"end":{"line":20,"column":46}},"17":{"start":{"line":21,"column":8},"end":{"line":21,"column":49}},"18":{"start":{"line":26,"column":2},"end":{"line":37,"column":5}},"19":{"start":{"line":27,"column":4},"end":{"line":36,"column":6}},"20":{"start":{"line":27,"column":63},"end":{"line":35,"column":8}},"21":{"start":{"line":29,"column":8},"end":{"line":29,"column":30}},"22":{"start":{"line":31,"column":8},"end":{"line":31,"column":46}},"23":{"start":{"line":32,"column":8},"end":{"line":32,"column":50}},"24":{"start":{"line":33,"column":8},"end":{"line":33,"column":49}},"25":{"start":{"line":34,"column":8},"end":{"line":34,"column":53}}},"branchMap":{}},"/home/lucas/git/tdp2-tp0-backend/tests/requests/weather.requests.js":{"path":"/home/lucas/git/tdp2-tp0-backend/tests/requests/weather.requests.js","s":{"1":1,"2":1,"3":1,"4":0,"5":1,"6":0},"b":{},"f":{},"fnMap":{},"statementMap":{"1":{"start":{"line":1,"column":0},"end":{"line":1,"column":38}},"2":{"start":{"line":2,"column":0},"end":{"line":2,"column":55}},"3":{"start":{"line":4,"column":0},"end":{"line":8,"column":2}},"4":{"start":{"line":4,"column":35},"end":{"line":8,"column":1}},"5":{"start":{"line":10,"column":0},"end":{"line":14,"column":2}},"6":{"start":{"line":10,"column":29},"end":{"line":14,"column":1}}},"branchMap":{}},"/home/lucas/git/tdp2-tp0-backend/tests/requests/config.requests.js":{"path":"/home/lucas/git/tdp2-tp0-backend/tests/requests/config.requests.js","s":{"1":1},"b":{},"f":{},"fnMap":{},"statementMap":{"1":{"start":{"line":1,"column":0},"end":{"line":1,"column":49}}},"branchMap":{}}}